<?xml version="1.0" encoding="UTF-8"?>
<!-- Generated by org.testng.reporters.JUnitReportReporter -->
<testsuite skipped="0" hostname="DESKTOP-V68KJ9L" name="testNGCommandLine.Test" tests="1" failures="0" timestamp="06 авг 2018 10:27:43 GMT" time="0.006" errors="0">
  <testcase name="set" time="0.006" classname="testNGCommandLine.Test"/>
</testsuite> <!-- testNGCommandLine.Test -->
